==============================================================
File generated on Mon Apr 14 08:11:53 +0700 2025
Vivado(TM) HLS - High-Level Synthesis from C, C++ and SystemC v2018.3 (64-bit)
SW Build 2405991 on Thu Dec  6 23:38:27 MST 2018
IP Build 2404404 on Fri Dec  7 01:43:56 MST 2018
Copyright 1986-2018 Xilinx, Inc. All Rights Reserved.
==============================================================
INFO: [SYN 201-201] Setting up clock 'default' with a period of 10ns.
INFO: [HLS 200-10] Setting target device to 'xc7z020clg484-1'
INFO: [HLS 200-435] Setting 'config_sdx -optimization_level' configuration: config_bind -effort=medium
INFO: [HLS 200-435] Setting 'config_sdx -optimization_level' configuration: config_schedule -effort=medium
INFO: [HLS 200-435] Setting 'config_sdx -target' configuration: config_sdx -optimization_level=0
INFO: [HLS 200-435] Setting 'config_sdx -optimization_level' configuration: config_export -vivado_phys_opt=none
INFO: [HLS 200-435] Setting 'config_sdx -target' configuration: config_compile -pipeline_loops=64
INFO: [XFORM 203-1171] Pipeline the innermost loop with trip count more than 64 or its parent loop when its trip count is less than or equal 64.
INFO: [HLS 200-435] Setting 'config_sdx -target' configuration: config_compile -name_max_length=256
INFO: [XFORM 203-1161] The maximum of name length is set into 256.
INFO: [HLS 200-435] Setting 'config_sdx -target' configuration: config_schedule -enable_dsp_full_reg=1
INFO: [HLS 200-435] Setting 'config_sdx -target' configuration: config_rtl -register_reset_num=3
INFO: [HLS 200-435] Setting 'config_sdx -target' configuration: config_rtl -auto_prefix=1
INFO: [HLS 200-435] Setting 'config_sdx -target' configuration: config_rtl -enable_maxiConservative=1
INFO: [HLS 200-435] Setting 'config_sdx -target' configuration: config_interface -m_axi_addr64=1
INFO: [HLS 200-435] Setting 'config_sdx -target' configuration: set_clock_uncertainty 27%
INFO: [SYN 201-201] Setting up clock 'default' with an uncertainty of 2.7ns.
INFO: [SIM 211-2] *************** CSIM start ***************
INFO: [SIM 211-4] CSIM will launch GCC as the compiler.
ERROR: [SIM 211-100] 'csim_design' failed: compilation error(s).
INFO: [SIM 211-3] *************** CSIM finish ***************
==============================================================
File generated on Mon Apr 14 08:13:38 +0700 2025
Vivado(TM) HLS - High-Level Synthesis from C, C++ and SystemC v2018.3 (64-bit)
SW Build 2405991 on Thu Dec  6 23:38:27 MST 2018
IP Build 2404404 on Fri Dec  7 01:43:56 MST 2018
Copyright 1986-2018 Xilinx, Inc. All Rights Reserved.
==============================================================
INFO: [SYN 201-201] Setting up clock 'default' with a period of 10ns.
INFO: [HLS 200-10] Setting target device to 'xc7z020clg484-1'
INFO: [HLS 200-435] Setting 'config_sdx -optimization_level' configuration: config_export -vivado_phys_opt=place
INFO: [HLS 200-435] Setting 'config_sdx -optimization_level' configuration: config_bind -effort=medium
INFO: [HLS 200-435] Setting 'config_sdx -target' configuration: config_sdx -optimization_level=0
INFO: [HLS 200-435] Setting 'config_sdx -optimization_level' configuration: config_export -vivado_phys_opt=none
INFO: [HLS 200-435] Setting 'config_sdx -target' configuration: config_rtl -register_reset_num=3
INFO: [HLS 200-435] Setting 'config_sdx -target' configuration: config_rtl -auto_prefix=1
INFO: [HLS 200-435] Setting 'config_sdx -target' configuration: config_rtl -enable_maxiConservative=1
INFO: [HLS 200-435] Setting 'config_sdx -target' configuration: config_interface -m_axi_addr64=1
INFO: [HLS 200-435] Setting 'config_sdx -target' configuration: set_clock_uncertainty 27%
INFO: [SYN 201-201] Setting up clock 'default' with an uncertainty of 2.7ns.
INFO: [XFORM 203-1161] The maximum of name length is set into 256.
INFO: [XFORM 203-1171] Pipeline the innermost loop with trip count more than 64 or its parent loop when its trip count is less than or equal 64.
INFO: [SIM 211-2] *************** CSIM start ***************
INFO: [SIM 211-4] CSIM will launch GCC as the compiler.
ERROR: [SIM 211-100] 'csim_design' failed: compilation error(s).
INFO: [SIM 211-3] *************** CSIM finish ***************
==============================================================
File generated on Mon Apr 14 08:16:16 +0700 2025
Vivado(TM) HLS - High-Level Synthesis from C, C++ and SystemC v2018.3 (64-bit)
SW Build 2405991 on Thu Dec  6 23:38:27 MST 2018
IP Build 2404404 on Fri Dec  7 01:43:56 MST 2018
Copyright 1986-2018 Xilinx, Inc. All Rights Reserved.
==============================================================
INFO: [SYN 201-201] Setting up clock 'default' with a period of 10ns.
INFO: [HLS 200-10] Setting target device to 'xc7z020clg484-1'
INFO: [HLS 200-435] Setting 'config_sdx -optimization_level' configuration: config_export -vivado_phys_opt=place
INFO: [HLS 200-435] Setting 'config_sdx -optimization_level' configuration: config_bind -effort=medium
INFO: [HLS 200-435] Setting 'config_sdx -target' configuration: config_sdx -optimization_level=0
INFO: [HLS 200-435] Setting 'config_sdx -optimization_level' configuration: config_export -vivado_phys_opt=none
INFO: [HLS 200-435] Setting 'config_sdx -target' configuration: config_rtl -register_reset_num=3
INFO: [HLS 200-435] Setting 'config_sdx -target' configuration: config_rtl -auto_prefix=1
INFO: [HLS 200-435] Setting 'config_sdx -target' configuration: config_rtl -enable_maxiConservative=1
INFO: [HLS 200-435] Setting 'config_sdx -target' configuration: config_interface -m_axi_addr64=1
INFO: [HLS 200-435] Setting 'config_sdx -target' configuration: set_clock_uncertainty 27%
INFO: [SYN 201-201] Setting up clock 'default' with an uncertainty of 2.7ns.
INFO: [XFORM 203-1161] The maximum of name length is set into 256.
INFO: [XFORM 203-1171] Pipeline the innermost loop with trip count more than 64 or its parent loop when its trip count is less than or equal 64.
INFO: [SIM 211-2] *************** CSIM start ***************
INFO: [SIM 211-4] CSIM will launch GCC as the compiler.
INFO: [SIM 211-1] CSim done with 0 errors.
INFO: [SIM 211-3] *************** CSIM finish ***************
==============================================================
File generated on Mon Apr 14 08:22:06 +0700 2025
Vivado(TM) HLS - High-Level Synthesis from C, C++ and SystemC v2018.3 (64-bit)
SW Build 2405991 on Thu Dec  6 23:38:27 MST 2018
IP Build 2404404 on Fri Dec  7 01:43:56 MST 2018
Copyright 1986-2018 Xilinx, Inc. All Rights Reserved.
==============================================================
INFO: [SYN 201-201] Setting up clock 'default' with a period of 10ns.
INFO: [SYN 201-201] Setting up clock 'default' with an uncertainty of 2.7ns.
INFO: [HLS 200-10] Setting target device to 'xc7z020clg484-1'
INFO: [HLS 200-435] Setting 'config_sdx -target' configuration: config_sdx -optimization_level=0
INFO: [HLS 200-435] Setting 'config_sdx -target' configuration: set_clock_uncertainty 27%
INFO: [XFORM 203-1161] The maximum of name length is set into 256.
INFO: [XFORM 203-1171] Pipeline the innermost loop with trip count more than 64 or its parent loop when its trip count is less than or equal 64.
INFO: [SYN 201-201] Setting up clock 'default' with a period of 10ns.
INFO: [HLS 200-435] Setting 'config_sdx -target' configuration: set_clock_uncertainty 27%
INFO: [XFORM 203-1171] Pipeline the innermost loop with trip count more than 64 or its parent loop when its trip count is less than or equal 64.
INFO: [XFORM 203-1161] The maximum of name length is set into 256.
INFO: [SCHED 204-61] Option 'relax_ii_for_timing' is enabled, will increase II to preserve clock frequency constraints.
ERROR: [HLS 200-70] Cannot find any design unit to elaborate.
==============================================================
File generated on Mon Apr 14 08:22:21 +0700 2025
Vivado(TM) HLS - High-Level Synthesis from C, C++ and SystemC v2018.3 (64-bit)
SW Build 2405991 on Thu Dec  6 23:38:27 MST 2018
IP Build 2404404 on Fri Dec  7 01:43:56 MST 2018
Copyright 1986-2018 Xilinx, Inc. All Rights Reserved.
==============================================================
INFO: [SYN 201-201] Setting up clock 'default' with a period of 10ns.
INFO: [SYN 201-201] Setting up clock 'default' with an uncertainty of 2.7ns.
INFO: [HLS 200-10] Setting target device to 'xc7z020clg484-1'
INFO: [HLS 200-435] Setting 'config_sdx -target' configuration: config_sdx -optimization_level=0
INFO: [HLS 200-435] Setting 'config_sdx -target' configuration: set_clock_uncertainty 27%
INFO: [XFORM 203-1161] The maximum of name length is set into 256.
INFO: [XFORM 203-1171] Pipeline the innermost loop with trip count more than 64 or its parent loop when its trip count is less than or equal 64.
INFO: [HLS 200-435] Setting 'config_sdx -target' configuration: set_clock_uncertainty 27%
INFO: [XFORM 203-1171] Pipeline the innermost loop with trip count more than 64 or its parent loop when its trip count is less than or equal 64.
INFO: [XFORM 203-1161] The maximum of name length is set into 256.
INFO: [SCHED 204-61] Option 'relax_ii_for_timing' is enabled, will increase II to preserve clock frequency constraints.
ERROR: [HLS 200-70] Cannot find any design unit to elaborate.
==============================================================
File generated on Mon Apr 14 08:25:31 +0700 2025
Vivado(TM) HLS - High-Level Synthesis from C, C++ and SystemC v2018.3 (64-bit)
SW Build 2405991 on Thu Dec  6 23:38:27 MST 2018
IP Build 2404404 on Fri Dec  7 01:43:56 MST 2018
Copyright 1986-2018 Xilinx, Inc. All Rights Reserved.
==============================================================
INFO: [SYN 201-201] Setting up clock 'default' with a period of 10ns.
INFO: [SYN 201-201] Setting up clock 'default' with an uncertainty of 2.7ns.
INFO: [HLS 200-10] Setting target device to 'xc7z020clg484-1'
INFO: [HLS 200-435] Setting 'config_sdx -target' configuration: config_sdx -optimization_level=0
INFO: [HLS 200-435] Setting 'config_sdx -target' configuration: set_clock_uncertainty 27%
INFO: [XFORM 203-1161] The maximum of name length is set into 256.
INFO: [XFORM 203-1171] Pipeline the innermost loop with trip count more than 64 or its parent loop when its trip count is less than or equal 64.
INFO: [SIM 211-2] *************** CSIM start ***************
INFO: [SIM 211-4] CSIM will launch GCC as the compiler.
INFO: [SIM 211-1] CSim done with 0 errors.
INFO: [SIM 211-3] *************** CSIM finish ***************
==============================================================
File generated on Mon Apr 14 08:40:48 +0700 2025
Vivado(TM) HLS - High-Level Synthesis from C, C++ and SystemC v2018.3 (64-bit)
SW Build 2405991 on Thu Dec  6 23:38:27 MST 2018
IP Build 2404404 on Fri Dec  7 01:43:56 MST 2018
Copyright 1986-2018 Xilinx, Inc. All Rights Reserved.
==============================================================
INFO: [SYN 201-201] Setting up clock 'default' with a period of 10ns.
INFO: [SYN 201-201] Setting up clock 'default' with an uncertainty of 2.7ns.
INFO: [HLS 200-10] Setting target device to 'xc7z020clg484-1'
INFO: [HLS 200-435] Setting 'config_sdx -target' configuration: config_sdx -optimization_level=0
INFO: [HLS 200-435] Setting 'config_sdx -target' configuration: set_clock_uncertainty 27%
INFO: [XFORM 203-1161] The maximum of name length is set into 256.
INFO: [XFORM 203-1171] Pipeline the innermost loop with trip count more than 64 or its parent loop when its trip count is less than or equal 64.
INFO: [SIM 211-2] *************** CSIM start ***************
INFO: [SIM 211-4] CSIM will launch GCC as the compiler.
INFO: [SIM 211-1] CSim done with 0 errors.
INFO: [SIM 211-3] *************** CSIM finish ***************
==============================================================
File generated on Mon Apr 14 08:45:01 +0700 2025
Vivado(TM) HLS - High-Level Synthesis from C, C++ and SystemC v2018.3 (64-bit)
SW Build 2405991 on Thu Dec  6 23:38:27 MST 2018
IP Build 2404404 on Fri Dec  7 01:43:56 MST 2018
Copyright 1986-2018 Xilinx, Inc. All Rights Reserved.
==============================================================
INFO: [SYN 201-201] Setting up clock 'default' with a period of 10ns.
INFO: [SYN 201-201] Setting up clock 'default' with an uncertainty of 2.7ns.
INFO: [HLS 200-10] Setting target device to 'xc7z020clg484-1'
INFO: [HLS 200-435] Setting 'config_sdx -target' configuration: config_sdx -optimization_level=0
INFO: [HLS 200-435] Setting 'config_sdx -target' configuration: set_clock_uncertainty 27%
INFO: [XFORM 203-1161] The maximum of name length is set into 256.
INFO: [XFORM 203-1171] Pipeline the innermost loop with trip count more than 64 or its parent loop when its trip count is less than or equal 64.
INFO: [SIM 211-2] *************** CSIM start ***************
INFO: [SIM 211-4] CSIM will launch GCC as the compiler.
INFO: [SIM 211-1] CSim done with 0 errors.
INFO: [SIM 211-3] *************** CSIM finish ***************
==============================================================
File generated on Mon Apr 14 08:53:12 +0700 2025
Vivado(TM) HLS - High-Level Synthesis from C, C++ and SystemC v2018.3 (64-bit)
SW Build 2405991 on Thu Dec  6 23:38:27 MST 2018
IP Build 2404404 on Fri Dec  7 01:43:56 MST 2018
Copyright 1986-2018 Xilinx, Inc. All Rights Reserved.
==============================================================
INFO: [SYN 201-201] Setting up clock 'default' with a period of 10ns.
INFO: [SYN 201-201] Setting up clock 'default' with an uncertainty of 2.7ns.
INFO: [HLS 200-10] Setting target device to 'xc7z020clg484-1'
INFO: [HLS 200-435] Setting 'config_sdx -target' configuration: config_sdx -optimization_level=0
INFO: [HLS 200-435] Setting 'config_sdx -target' configuration: set_clock_uncertainty 27%
INFO: [XFORM 203-1161] The maximum of name length is set into 256.
INFO: [XFORM 203-1171] Pipeline the innermost loop with trip count more than 64 or its parent loop when its trip count is less than or equal 64.
INFO: [HLS 200-435] Setting 'config_sdx -target' configuration: set_clock_uncertainty 27%
INFO: [XFORM 203-1171] Pipeline the innermost loop with trip count more than 64 or its parent loop when its trip count is less than or equal 64.
INFO: [XFORM 203-1161] The maximum of name length is set into 256.
INFO: [SCHED 204-61] Option 'relax_ii_for_timing' is enabled, will increase II to preserve clock frequency constraints.
ERROR: [HLS 200-70] Cannot find any design unit to elaborate.
==============================================================
File generated on Mon Apr 14 08:53:29 +0700 2025
Vivado(TM) HLS - High-Level Synthesis from C, C++ and SystemC v2018.3 (64-bit)
SW Build 2405991 on Thu Dec  6 23:38:27 MST 2018
IP Build 2404404 on Fri Dec  7 01:43:56 MST 2018
Copyright 1986-2018 Xilinx, Inc. All Rights Reserved.
==============================================================
INFO: [SYN 201-201] Setting up clock 'default' with a period of 10ns.
INFO: [SYN 201-201] Setting up clock 'default' with an uncertainty of 2.7ns.
INFO: [HLS 200-10] Setting target device to 'xc7z020clg484-1'
INFO: [HLS 200-435] Setting 'config_sdx -target' configuration: config_sdx -optimization_level=0
INFO: [HLS 200-435] Setting 'config_sdx -target' configuration: set_clock_uncertainty 27%
INFO: [XFORM 203-1161] The maximum of name length is set into 256.
INFO: [XFORM 203-1171] Pipeline the innermost loop with trip count more than 64 or its parent loop when its trip count is less than or equal 64.
INFO: [HLS 200-435] Setting 'config_sdx -target' configuration: set_clock_uncertainty 27%
INFO: [XFORM 203-1171] Pipeline the innermost loop with trip count more than 64 or its parent loop when its trip count is less than or equal 64.
INFO: [XFORM 203-1161] The maximum of name length is set into 256.
INFO: [SCHED 204-61] Option 'relax_ii_for_timing' is enabled, will increase II to preserve clock frequency constraints.
ERROR: [HLS 200-70] Cannot find any design unit to elaborate.
==============================================================
File generated on Mon Apr 14 09:24:11 +0700 2025
Vivado(TM) HLS - High-Level Synthesis from C, C++ and SystemC v2018.3 (64-bit)
SW Build 2405991 on Thu Dec  6 23:38:27 MST 2018
IP Build 2404404 on Fri Dec  7 01:43:56 MST 2018
Copyright 1986-2018 Xilinx, Inc. All Rights Reserved.
==============================================================
INFO: [SYN 201-201] Setting up clock 'default' with a period of 10ns.
INFO: [SYN 201-201] Setting up clock 'default' with an uncertainty of 2.7ns.
INFO: [HLS 200-10] Setting target device to 'xc7z020clg484-1'
INFO: [HLS 200-435] Setting 'config_sdx -target' configuration: config_sdx -optimization_level=0
INFO: [HLS 200-435] Setting 'config_sdx -target' configuration: set_clock_uncertainty 27%
INFO: [XFORM 203-1161] The maximum of name length is set into 256.
INFO: [XFORM 203-1171] Pipeline the innermost loop with trip count more than 64 or its parent loop when its trip count is less than or equal 64.
INFO: [SIM 211-2] *************** CSIM start ***************
INFO: [SIM 211-4] CSIM will launch GCC as the compiler.
INFO: [SIM 211-1] CSim done with 0 errors.
INFO: [SIM 211-3] *************** CSIM finish ***************
==============================================================
File generated on Mon Apr 14 11:23:04 +0700 2025
Vivado(TM) HLS - High-Level Synthesis from C, C++ and SystemC v2018.3 (64-bit)
SW Build 2405991 on Thu Dec  6 23:38:27 MST 2018
IP Build 2404404 on Fri Dec  7 01:43:56 MST 2018
Copyright 1986-2018 Xilinx, Inc. All Rights Reserved.
==============================================================
INFO: [SYN 201-201] Setting up clock 'default' with a period of 10ns.
INFO: [SYN 201-201] Setting up clock 'default' with an uncertainty of 2.7ns.
INFO: [HLS 200-10] Setting target device to 'xc7z020clg484-1'
INFO: [HLS 200-435] Setting 'config_sdx -target' configuration: config_sdx -optimization_level=0
INFO: [HLS 200-435] Setting 'config_sdx -target' configuration: set_clock_uncertainty 27%
INFO: [XFORM 203-1161] The maximum of name length is set into 256.
INFO: [XFORM 203-1171] Pipeline the innermost loop with trip count more than 64 or its parent loop when its trip count is less than or equal 64.
INFO: [SIM 211-2] *************** CSIM start ***************
INFO: [SIM 211-4] CSIM will launch GCC as the compiler.
INFO: [SIM 211-1] CSim done with 0 errors.
INFO: [SIM 211-3] *************** CSIM finish ***************
==============================================================
File generated on Mon Apr 14 11:24:58 +0700 2025
Vivado(TM) HLS - High-Level Synthesis from C, C++ and SystemC v2018.3 (64-bit)
SW Build 2405991 on Thu Dec  6 23:38:27 MST 2018
IP Build 2404404 on Fri Dec  7 01:43:56 MST 2018
Copyright 1986-2018 Xilinx, Inc. All Rights Reserved.
==============================================================
INFO: [SYN 201-201] Setting up clock 'default' with a period of 10ns.
INFO: [SYN 201-201] Setting up clock 'default' with an uncertainty of 2.7ns.
INFO: [HLS 200-10] Setting target device to 'xc7z020clg484-1'
INFO: [HLS 200-435] Setting 'config_sdx -target' configuration: config_sdx -optimization_level=0
INFO: [HLS 200-435] Setting 'config_sdx -target' configuration: set_clock_uncertainty 27%
INFO: [XFORM 203-1161] The maximum of name length is set into 256.
INFO: [XFORM 203-1171] Pipeline the innermost loop with trip count more than 64 or its parent loop when its trip count is less than or equal 64.
INFO: [SIM 211-2] *************** CSIM start ***************
INFO: [SIM 211-4] CSIM will launch GCC as the compiler.
INFO: [SIM 211-1] CSim done with 0 errors.
INFO: [SIM 211-3] *************** CSIM finish ***************
